<?xml version="1.0" encoding="UTF-8"?>
<!-- Generated by org.testng.reporters.JUnitReportReporter -->
<testsuite hostname="DESKTOP-FQ4AVMQ" failures="0" tests="1" name="TestLayer.RegisterPassportTest" time="3.234" errors="0" timestamp="2024-01-12T16:58:02 IST" skipped="0">
  <testcase classname="TestLayer.RegisterPassportTest" name="RegisterPassportTestFunctionlity" time="3.234"/>
  <system-out/>
</testsuite> <!-- TestLayer.RegisterPassportTest -->
